<?xml version="1.0" encoding="UTF-8"?>
<testsuite xmlns:xsi="http://www.w3.org/2001/XMLSchema-instance" xsi:noNamespaceSchemaLocation="https://maven.apache.org/surefire/maven-surefire-plugin/xsd/surefire-test-report-3.0.xsd" version="3.0" name="com.mycompany.solucao1.AppDesportiva_ESTest" time="0.028" tests="10" errors="0" skipped="0" failures="0">
  <properties>
    <property name="sun.desktop" value="gnome"/>
    <property name="awt.toolkit" value="sun.awt.X11.XToolkit"/>
    <property name="file.encoding.pkg" value="sun.io"/>
    <property name="java.specification.version" value="1.8"/>
    <property name="sun.cpu.isalist" value=""/>
    <property name="sun.jnu.encoding" value="UTF-8"/>
    <property name="java.class.path" value="/home/tomas/LEI/3ANO/2SEM/ATS/ATS/Evosuite/Solucao1/target/test-classes:/home/tomas/LEI/3ANO/2SEM/ATS/ATS/Evosuite/Solucao1/target/classes:/home/tomas/.m2/repository/org/junit/jupiter/junit-jupiter/5.9.2/junit-jupiter-5.9.2.jar:/home/tomas/.m2/repository/org/junit/jupiter/junit-jupiter-params/5.9.2/junit-jupiter-params-5.9.2.jar:/home/tomas/.m2/repository/org/junit/jupiter/junit-jupiter-engine/5.9.2/junit-jupiter-engine-5.9.2.jar:/home/tomas/.m2/repository/org/junit/jupiter/junit-jupiter-api/5.9.2/junit-jupiter-api-5.9.2.jar:/home/tomas/.m2/repository/org/opentest4j/opentest4j/1.2.0/opentest4j-1.2.0.jar:/home/tomas/.m2/repository/org/junit/platform/junit-platform-commons/1.9.2/junit-platform-commons-1.9.2.jar:/home/tomas/.m2/repository/org/apiguardian/apiguardian-api/1.1.2/apiguardian-api-1.1.2.jar:/home/tomas/.m2/repository/junit/junit/4.12/junit-4.12.jar:/home/tomas/.m2/repository/org/hamcrest/hamcrest-core/1.3/hamcrest-core-1.3.jar:/home/tomas/.m2/repository/org/junit/vintage/junit-vintage-engine/5.9.1/junit-vintage-engine-5.9.1.jar:/home/tomas/.m2/repository/org/junit/platform/junit-platform-engine/1.9.2/junit-platform-engine-1.9.2.jar:/home/tomas/.m2/repository/org/evosuite/evosuite-standalone-runtime/1.0.6/evosuite-standalone-runtime-1.0.6.jar:"/>
    <property name="java.vm.vendor" value="Private Build"/>
    <property name="sun.arch.data.model" value="64"/>
    <property name="java.vendor.url" value="http://java.oracle.com/"/>
    <property name="user.timezone" value=""/>
    <property name="java.vm.specification.version" value="1.8"/>
    <property name="os.name" value="Linux"/>
    <property name="user.country" value="PT"/>
    <property name="sun.java.launcher" value="SUN_STANDARD"/>
    <property name="sun.boot.library.path" value="/usr/lib/jvm/java-8-openjdk-amd64/jre/lib/amd64"/>
    <property name="sun.java.command" value="/home/tomas/LEI/3ANO/2SEM/ATS/ATS/Evosuite/Solucao1/target/surefire/surefirebooter9198653761335168895.jar /home/tomas/LEI/3ANO/2SEM/ATS/ATS/Evosuite/Solucao1/target/surefire 2025-06-04T19-01-34_750-jvmRun1 surefire6847062084607045639tmp surefire_01208789292540973940tmp"/>
    <property name="surefire.test.class.path" value="/home/tomas/LEI/3ANO/2SEM/ATS/ATS/Evosuite/Solucao1/target/test-classes:/home/tomas/LEI/3ANO/2SEM/ATS/ATS/Evosuite/Solucao1/target/classes:/home/tomas/.m2/repository/org/junit/jupiter/junit-jupiter/5.9.2/junit-jupiter-5.9.2.jar:/home/tomas/.m2/repository/org/junit/jupiter/junit-jupiter-params/5.9.2/junit-jupiter-params-5.9.2.jar:/home/tomas/.m2/repository/org/junit/jupiter/junit-jupiter-engine/5.9.2/junit-jupiter-engine-5.9.2.jar:/home/tomas/.m2/repository/org/junit/jupiter/junit-jupiter-api/5.9.2/junit-jupiter-api-5.9.2.jar:/home/tomas/.m2/repository/org/opentest4j/opentest4j/1.2.0/opentest4j-1.2.0.jar:/home/tomas/.m2/repository/org/junit/platform/junit-platform-commons/1.9.2/junit-platform-commons-1.9.2.jar:/home/tomas/.m2/repository/org/apiguardian/apiguardian-api/1.1.2/apiguardian-api-1.1.2.jar:/home/tomas/.m2/repository/junit/junit/4.12/junit-4.12.jar:/home/tomas/.m2/repository/org/hamcrest/hamcrest-core/1.3/hamcrest-core-1.3.jar:/home/tomas/.m2/repository/org/junit/vintage/junit-vintage-engine/5.9.1/junit-vintage-engine-5.9.1.jar:/home/tomas/.m2/repository/org/junit/platform/junit-platform-engine/1.9.2/junit-platform-engine-1.9.2.jar:/home/tomas/.m2/repository/org/evosuite/evosuite-standalone-runtime/1.0.6/evosuite-standalone-runtime-1.0.6.jar:"/>
    <property name="sun.cpu.endian" value="little"/>
    <property name="user.home" value="/home/tomas"/>
    <property name="user.language" value="pt"/>
    <property name="java.specification.vendor" value="Oracle Corporation"/>
    <property name="java.home" value="/usr/lib/jvm/java-8-openjdk-amd64/jre"/>
    <property name="basedir" value="/home/tomas/LEI/3ANO/2SEM/ATS/ATS/Evosuite/Solucao1"/>
    <property name="file.separator" value="/"/>
    <property name="line.separator" value="&#10;"/>
    <property name="java.vm.specification.vendor" value="Oracle Corporation"/>
    <property name="java.specification.name" value="Java Platform API Specification"/>
    <property name="java.awt.graphicsenv" value="sun.awt.X11GraphicsEnvironment"/>
    <property name="surefire.real.class.path" value="/home/tomas/LEI/3ANO/2SEM/ATS/ATS/Evosuite/Solucao1/target/surefire/surefirebooter9198653761335168895.jar:/home/tomas/.m2/repository/org/jacoco/org.jacoco.agent/0.8.8/org.jacoco.agent-0.8.8-runtime.jar"/>
    <property name="sun.boot.class.path" value="/usr/lib/jvm/java-8-openjdk-amd64/jre/lib/resources.jar:/usr/lib/jvm/java-8-openjdk-amd64/jre/lib/rt.jar:/usr/lib/jvm/java-8-openjdk-amd64/jre/lib/sunrsasign.jar:/usr/lib/jvm/java-8-openjdk-amd64/jre/lib/jsse.jar:/usr/lib/jvm/java-8-openjdk-amd64/jre/lib/jce.jar:/usr/lib/jvm/java-8-openjdk-amd64/jre/lib/charsets.jar:/usr/lib/jvm/java-8-openjdk-amd64/jre/lib/jfr.jar:/usr/lib/jvm/java-8-openjdk-amd64/jre/classes"/>
    <property name="sun.management.compiler" value="HotSpot 64-Bit Tiered Compilers"/>
    <property name="java.runtime.version" value="1.8.0_452-8u452-ga~us1-0ubuntu1~22.04-b09"/>
    <property name="user.name" value="tomas"/>
    <property name="path.separator" value=":"/>
    <property name="os.version" value="6.8.0-60-generic"/>
    <property name="java.endorsed.dirs" value="/usr/lib/jvm/java-8-openjdk-amd64/jre/lib/endorsed"/>
    <property name="java.runtime.name" value="OpenJDK Runtime Environment"/>
    <property name="file.encoding" value="UTF-8"/>
    <property name="java.vm.name" value="OpenJDK 64-Bit Server VM"/>
    <property name="localRepository" value="/home/tomas/.m2/repository"/>
    <property name="java.vendor.url.bug" value="http://bugreport.sun.com/bugreport/"/>
    <property name="java.io.tmpdir" value="/tmp"/>
    <property name="java.version" value="1.8.0_452"/>
    <property name="user.dir" value="/home/tomas/LEI/3ANO/2SEM/ATS/ATS/Evosuite/Solucao1"/>
    <property name="os.arch" value="amd64"/>
    <property name="java.vm.specification.name" value="Java Virtual Machine Specification"/>
    <property name="java.awt.printerjob" value="sun.print.PSPrinterJob"/>
    <property name="sun.os.patch.level" value="unknown"/>
    <property name="java.library.path" value=":/usr/java/packages/lib/amd64:/usr/lib/x86_64-linux-gnu/jni:/lib/x86_64-linux-gnu:/usr/lib/x86_64-linux-gnu:/usr/lib/jni:/lib:/usr/lib"/>
    <property name="java.vm.info" value="mixed mode"/>
    <property name="java.vendor" value="Private Build"/>
    <property name="java.vm.version" value="25.452-b09"/>
    <property name="java.specification.maintenance.version" value="6"/>
    <property name="java.ext.dirs" value="/usr/lib/jvm/java-8-openjdk-amd64/jre/lib/ext:/usr/java/packages/lib/ext"/>
    <property name="sun.io.unicode.encoding" value="UnicodeLittle"/>
    <property name="java.class.version" value="52.0"/>
  </properties>
  <testcase name="test1" classname="com.mycompany.solucao1.AppDesportiva_ESTest" time="0.001">
    <system-out><![CDATA[


























































































-------------Menu Inicial-------------
Opção 1: Carregar estado
Opção 2: Novo estado
Opção 0: Sair
Opção: 


























































































Programa encerrado



























































































-------------Menu Simulação-------------
Opção 1: Avançar tempo
Opção 2: Consultar recordes
Opção 3: Consultar estatísticas
Opção 4: Mostrar todas as informações (todos os utilizadores e as suas atividades e planos de treino executados)
Opção 0: Voltar ao setup
Opção: ]]></system-out>
  </testcase>
  <testcase name="test0" classname="com.mycompany.solucao1.AppDesportiva_ESTest" time="0.002">
    <system-out><![CDATA[


























































































Não foi possível aceder ao ficheiro.
Enter para continuar



























































































-------------Menu Inicial-------------
Opção 1: Carregar estado
Opção 2: Novo estado
Opção 0: Sair
Opção: ]]></system-out>
  </testcase>
  <testcase name="test9" classname="com.mycompany.solucao1.AppDesportiva_ESTest" time="0.001">
    <system-out><![CDATA[


























































































-------------Menu Inicial-------------
Opção 1: Carregar estado
Opção 2: Novo estado
Opção 0: Sair
Opção: 


























































































Insira o nome do ficheiro a carregar
]]></system-out>
  </testcase>
  <testcase name="test8" classname="com.mycompany.solucao1.AppDesportiva_ESTest" time="0.001">
    <system-out><![CDATA[


























































































-------------Menu Inicial-------------
Opção 1: Carregar estado
Opção 2: Novo estado
Opção 0: Sair
Opção: 


























































































Programa encerrado
1: Desde sempre
2: Entre datas
]]></system-out>
  </testcase>
  <testcase name="test7" classname="com.mycompany.solucao1.AppDesportiva_ESTest" time="0.001">
    <system-out><![CDATA[


























































































-------------Menu Inicial-------------
Opção 1: Carregar estado
Opção 2: Novo estado
Opção 0: Sair
Opção: Insira o nome do ficheiro onde guardar o estado
]]></system-out>
  </testcase>
  <testcase name="test6" classname="com.mycompany.solucao1.AppDesportiva_ESTest" time="0"/>
  <testcase name="test5" classname="com.mycompany.solucao1.AppDesportiva_ESTest" time="0">
    <system-out><![CDATA[


























































































-------------Menu Inicial-------------
Opção 1: Carregar estado
Opção 2: Novo estado
Opção 0: Sair
Opção: 


























































































Programa encerrado
Insira o código do utilizador
]]></system-out>
  </testcase>
  <testcase name="test4" classname="com.mycompany.solucao1.AppDesportiva_ESTest" time="0.002">
    <system-out><![CDATA[


























































































-------------Menu Inicial-------------
Opção 1: Carregar estado
Opção 2: Novo estado
Opção 0: Sair
Opção: 


























































































Programa encerrado



























































































-------------Menu Inicial-------------
Opção 1: Carregar estado
Opção 2: Novo estado
Opção 0: Sair
Opção: ]]></system-out>
  </testcase>
  <testcase name="test3" classname="com.mycompany.solucao1.AppDesportiva_ESTest" time="0.001">
    <system-out><![CDATA[


























































































-------------Menu Inicial-------------
Opção 1: Carregar estado
Opção 2: Novo estado
Opção 0: Sair
Opção: 


























































































Programa encerrado



























































































-------------Estatísticas-------------
Opção 1: Utilizador com mais calorias gastas
Opção 2: Utilizador com mais atividades realizadas
Opção 3: Atividade mais realizada
Opção 4: Total de kilómetros percorridos
Opção 5: Metros de altimetria acumulados
Opção 6: Plano de treino mais exigente
Opção 7: Atividades de um utilizador
Opção 0: Voltar
Opção: ]]></system-out>
  </testcase>
  <testcase name="test2" classname="com.mycompany.solucao1.AppDesportiva_ESTest" time="0.001">
    <system-out><![CDATA[


























































































-------------Menu Inicial-------------
Opção 1: Carregar estado
Opção 2: Novo estado
Opção 0: Sair
Opção: 


























































































Programa encerrado



























































































-------------Menu Setup-------------
Opção 1: Adicionar utilizador
Opção 2: Visualizar utilizador
Opção 3: Adicionar atividade
Opção 4: Registar execução de atividade
Opção 5: Adicionar atividade e registar execução
Opção 6: Visualizar atividade
Opção 7: Adicionar plano de treino
Opção 8: Registar execução de plano de treino
Opção 9: Adicionar plano de treino e registar execução
Opção 10: Visualizar plano de treino
Opção 11: Iniciar simulação
Opção 12: Guardar estado
Opção 13: Guardar e sair
Opção 0: Sair sem guardar
Opção: ]]></system-out>
  </testcase>
</testsuite>