<?xml version="1.0" encoding="UTF-8"?>
<testsuite xmlns:xsi="http://www.w3.org/2001/XMLSchema-instance" xsi:noNamespaceSchemaLocation="https://maven.apache.org/surefire/maven-surefire-plugin/xsd/surefire-test-report-3.0.xsd" version="3.0" name="com.mycompany.solucao1.UtilizadorPraticanteOcasionalTest" time="0.016" tests="18" errors="0" skipped="0" failures="0">
  <properties>
    <property name="java.specification.version" value="17"/>
    <property name="sun.jnu.encoding" value="UTF-8"/>
    <property name="java.class.path" value="/home/tomas/LEI/3ANO/2SEM/ATS/ATS/JUnitTests/Solucao1/target/test-classes:/home/tomas/LEI/3ANO/2SEM/ATS/ATS/JUnitTests/Solucao1/target/classes:/home/tomas/.m2/repository/org/junit/jupiter/junit-jupiter/5.9.2/junit-jupiter-5.9.2.jar:/home/tomas/.m2/repository/org/junit/jupiter/junit-jupiter-params/5.9.2/junit-jupiter-params-5.9.2.jar:/home/tomas/.m2/repository/org/junit/jupiter/junit-jupiter-engine/5.9.2/junit-jupiter-engine-5.9.2.jar:/home/tomas/.m2/repository/org/junit/jupiter/junit-jupiter-api/5.9.2/junit-jupiter-api-5.9.2.jar:/home/tomas/.m2/repository/org/opentest4j/opentest4j/1.2.0/opentest4j-1.2.0.jar:/home/tomas/.m2/repository/org/junit/platform/junit-platform-commons/1.9.2/junit-platform-commons-1.9.2.jar:/home/tomas/.m2/repository/org/apiguardian/apiguardian-api/1.1.2/apiguardian-api-1.1.2.jar:/home/tomas/.m2/repository/junit/junit/4.12/junit-4.12.jar:/home/tomas/.m2/repository/org/hamcrest/hamcrest-core/1.3/hamcrest-core-1.3.jar:/home/tomas/.m2/repository/org/junit/vintage/junit-vintage-engine/5.9.1/junit-vintage-engine-5.9.1.jar:/home/tomas/.m2/repository/org/junit/platform/junit-platform-engine/1.9.2/junit-platform-engine-1.9.2.jar:/home/tomas/.m2/repository/org/evosuite/evosuite-standalone-runtime/1.0.6/evosuite-standalone-runtime-1.0.6.jar:"/>
    <property name="java.vm.vendor" value="Ubuntu"/>
    <property name="sun.arch.data.model" value="64"/>
    <property name="java.vendor.url" value="https://ubuntu.com/"/>
    <property name="user.timezone" value="Europe/Lisbon"/>
    <property name="os.name" value="Linux"/>
    <property name="java.vm.specification.version" value="17"/>
    <property name="sun.java.launcher" value="SUN_STANDARD"/>
    <property name="user.country" value="PT"/>
    <property name="sun.boot.library.path" value="/usr/lib/jvm/java-17-openjdk-amd64/lib"/>
    <property name="sun.java.command" value="/home/tomas/LEI/3ANO/2SEM/ATS/ATS/JUnitTests/Solucao1/target/surefire/surefirebooter8634471252172605255.jar /home/tomas/LEI/3ANO/2SEM/ATS/ATS/JUnitTests/Solucao1/target/surefire 2025-05-27T00-23-34_701-jvmRun1 surefire15315604350419688102tmp surefire_06343828591195875453tmp"/>
    <property name="jdk.debug" value="release"/>
    <property name="surefire.test.class.path" value="/home/tomas/LEI/3ANO/2SEM/ATS/ATS/JUnitTests/Solucao1/target/test-classes:/home/tomas/LEI/3ANO/2SEM/ATS/ATS/JUnitTests/Solucao1/target/classes:/home/tomas/.m2/repository/org/junit/jupiter/junit-jupiter/5.9.2/junit-jupiter-5.9.2.jar:/home/tomas/.m2/repository/org/junit/jupiter/junit-jupiter-params/5.9.2/junit-jupiter-params-5.9.2.jar:/home/tomas/.m2/repository/org/junit/jupiter/junit-jupiter-engine/5.9.2/junit-jupiter-engine-5.9.2.jar:/home/tomas/.m2/repository/org/junit/jupiter/junit-jupiter-api/5.9.2/junit-jupiter-api-5.9.2.jar:/home/tomas/.m2/repository/org/opentest4j/opentest4j/1.2.0/opentest4j-1.2.0.jar:/home/tomas/.m2/repository/org/junit/platform/junit-platform-commons/1.9.2/junit-platform-commons-1.9.2.jar:/home/tomas/.m2/repository/org/apiguardian/apiguardian-api/1.1.2/apiguardian-api-1.1.2.jar:/home/tomas/.m2/repository/junit/junit/4.12/junit-4.12.jar:/home/tomas/.m2/repository/org/hamcrest/hamcrest-core/1.3/hamcrest-core-1.3.jar:/home/tomas/.m2/repository/org/junit/vintage/junit-vintage-engine/5.9.1/junit-vintage-engine-5.9.1.jar:/home/tomas/.m2/repository/org/junit/platform/junit-platform-engine/1.9.2/junit-platform-engine-1.9.2.jar:/home/tomas/.m2/repository/org/evosuite/evosuite-standalone-runtime/1.0.6/evosuite-standalone-runtime-1.0.6.jar:"/>
    <property name="sun.cpu.endian" value="little"/>
    <property name="user.home" value="/home/tomas"/>
    <property name="user.language" value="pt"/>
    <property name="java.specification.vendor" value="Oracle Corporation"/>
    <property name="java.version.date" value="2025-04-15"/>
    <property name="java.home" value="/usr/lib/jvm/java-17-openjdk-amd64"/>
    <property name="file.separator" value="/"/>
    <property name="basedir" value="/home/tomas/LEI/3ANO/2SEM/ATS/ATS/JUnitTests/Solucao1"/>
    <property name="java.vm.compressedOopsMode" value="Zero based"/>
    <property name="line.separator" value="&#10;"/>
    <property name="java.specification.name" value="Java Platform API Specification"/>
    <property name="java.vm.specification.vendor" value="Oracle Corporation"/>
    <property name="surefire.real.class.path" value="/home/tomas/LEI/3ANO/2SEM/ATS/ATS/JUnitTests/Solucao1/target/surefire/surefirebooter8634471252172605255.jar"/>
    <property name="sun.management.compiler" value="HotSpot 64-Bit Tiered Compilers"/>
    <property name="java.runtime.version" value="17.0.15+6-Ubuntu-0ubuntu122.04"/>
    <property name="user.name" value="tomas"/>
    <property name="path.separator" value=":"/>
    <property name="os.version" value="6.8.0-59-generic"/>
    <property name="java.runtime.name" value="OpenJDK Runtime Environment"/>
    <property name="file.encoding" value="UTF-8"/>
    <property name="java.vm.name" value="OpenJDK 64-Bit Server VM"/>
    <property name="localRepository" value="/home/tomas/.m2/repository"/>
    <property name="java.vendor.url.bug" value="https://bugs.launchpad.net/ubuntu/+source/openjdk-17"/>
    <property name="java.io.tmpdir" value="/tmp"/>
    <property name="java.version" value="17.0.15"/>
    <property name="user.dir" value="/home/tomas/LEI/3ANO/2SEM/ATS/ATS/JUnitTests/Solucao1"/>
    <property name="os.arch" value="amd64"/>
    <property name="java.vm.specification.name" value="Java Virtual Machine Specification"/>
    <property name="native.encoding" value="UTF-8"/>
    <property name="java.library.path" value=":/usr/java/packages/lib:/usr/lib/x86_64-linux-gnu/jni:/lib/x86_64-linux-gnu:/usr/lib/x86_64-linux-gnu:/usr/lib/jni:/lib:/usr/lib"/>
    <property name="java.vm.info" value="mixed mode, sharing"/>
    <property name="java.vendor" value="Ubuntu"/>
    <property name="java.vm.version" value="17.0.15+6-Ubuntu-0ubuntu122.04"/>
    <property name="java.specification.maintenance.version" value="1"/>
    <property name="sun.io.unicode.encoding" value="UnicodeLittle"/>
    <property name="java.class.version" value="61.0"/>
  </properties>
  <testcase name="testGetFreqCardiaca" classname="com.mycompany.solucao1.UtilizadorPraticanteOcasionalTest" time="0"/>
  <testcase name="testGetEmail" classname="com.mycompany.solucao1.UtilizadorPraticanteOcasionalTest" time="0"/>
  <testcase name="testGetIdade" classname="com.mycompany.solucao1.UtilizadorPraticanteOcasionalTest" time="0.001"/>
  <testcase name="testEqualsWithNullAndDifferentType" classname="com.mycompany.solucao1.UtilizadorPraticanteOcasionalTest" time="0"/>
  <testcase name="testClone" classname="com.mycompany.solucao1.UtilizadorPraticanteOcasionalTest" time="0.001"/>
  <testcase name="testUtilizadorNumPeriodo" classname="com.mycompany.solucao1.UtilizadorPraticanteOcasionalTest" time="0.001"/>
  <testcase name="testToString" classname="com.mycompany.solucao1.UtilizadorPraticanteOcasionalTest" time="0.001"/>
  <testcase name="testGetNome" classname="com.mycompany.solucao1.UtilizadorPraticanteOcasionalTest" time="0"/>
  <testcase name="testGetPeso" classname="com.mycompany.solucao1.UtilizadorPraticanteOcasionalTest" time="0.001"/>
  <testcase name="testToStringWithDifferentData" classname="com.mycompany.solucao1.UtilizadorPraticanteOcasionalTest" time="0.001"/>
  <testcase name="testGetFatorMultiplicativo" classname="com.mycompany.solucao1.UtilizadorPraticanteOcasionalTest" time="0.001"/>
  <testcase name="testCloneIndependence" classname="com.mycompany.solucao1.UtilizadorPraticanteOcasionalTest" time="0.001"/>
  <testcase name="testConstructorWithInvalidData" classname="com.mycompany.solucao1.UtilizadorPraticanteOcasionalTest" time="0.001"/>
  <testcase name="testGetAltura" classname="com.mycompany.solucao1.UtilizadorPraticanteOcasionalTest" time="0"/>
  <testcase name="testGetGenero" classname="com.mycompany.solucao1.UtilizadorPraticanteOcasionalTest" time="0"/>
  <testcase name="testGetMorada" classname="com.mycompany.solucao1.UtilizadorPraticanteOcasionalTest" time="0"/>
  <testcase name="testEquals" classname="com.mycompany.solucao1.UtilizadorPraticanteOcasionalTest" time="0.001"/>
  <testcase name="testFatorMultiplicativo" classname="com.mycompany.solucao1.UtilizadorPraticanteOcasionalTest" time="0.001"/>
</testsuite>